<?xml version="1.0" encoding="UTF-8"?>
<!-- Generated by org.testng.reporters.JUnitReportReporter -->
<testsuite hostname="LAPTOP-LV0FJM8T" failures="0" tests="2" name="grid.loginTestOnWindowsusingChrome" time="0.461" errors="2" timestamp="2022-11-28T16:48:08 IST" skipped="0">
  <testcase classname="grid.loginTestOnWindowsusingChrome" name="setup" time="0.454">
    <error message="session not created: No matching capabilities found
Build info: version: &#039;3.141.59&#039;, revision: &#039;e82be7d358&#039;, time: &#039;2018-11-14T08:25:53&#039;
System info: host: &#039;LAPTOP-LV0FJM8T&#039;, ip: &#039;192.168.1.2&#039;, os.name: &#039;Windows 11&#039;, os.arch: &#039;amd64&#039;, os.version: &#039;10.0&#039;, java.version: &#039;17.0.5&#039;
Driver info: driver.version: unknown
remote stacktrace: Backtrace:
	Ordinal0 [0x009FACD3+2075859]
	Ordinal0 [0x0098EE61+1633889]
	Ordinal0 [0x0088B7BD+571325]
	Ordinal0 [0x008DCEDD+904925]
	Ordinal0 [0x008DC61C+902684]
	Ordinal0 [0x008DD86E+907374]
	Ordinal0 [0x008DD6AA+906922]
	Ordinal0 [0x008D7136+880950]
	Ordinal0 [0x008AFEFD+720637]
	Ordinal0 [0x008B0F3F+724799]
	GetHandleVerifier [0x00CAEED2+2769538]
	GetHandleVerifier [0x00CA0D95+2711877]
	GetHandleVerifier [0x00A8A03A+521194]
	GetHandleVerifier [0x00A88DA0+516432]
	Ordinal0 [0x0099682C+1665068]
	Ordinal0 [0x0099B128+1683752]
	Ordinal0 [0x0099B215+1683989]
	Ordinal0 [0x009A6484+1729668]
	BaseThreadInitThunk [0x76726739+25]
	RtlGetFullPathName_UEx [0x77B48FD2+1218]
	RtlGetFullPathName_UEx [0x77B48F9D+1165]

Command duration or timeout: 141 milliseconds" type="org.openqa.selenium.SessionNotCreatedException">
      <![CDATA[org.openqa.selenium.SessionNotCreatedException: session not created: No matching capabilities found
Build info: version: '3.141.59', revision: 'e82be7d358', time: '2018-11-14T08:25:53'
System info: host: 'LAPTOP-LV0FJM8T', ip: '192.168.1.2', os.name: 'Windows 11', os.arch: 'amd64', os.version: '10.0', java.version: '17.0.5'
Driver info: driver.version: unknown
remote stacktrace: Backtrace:
Ordinal0 [0x009FACD3+2075859]
Ordinal0 [0x0098EE61+1633889]
Ordinal0 [0x0088B7BD+571325]
Ordinal0 [0x008DCEDD+904925]
Ordinal0 [0x008DC61C+902684]
Ordinal0 [0x008DD86E+907374]
Ordinal0 [0x008DD6AA+906922]
Ordinal0 [0x008D7136+880950]
Ordinal0 [0x008AFEFD+720637]
Ordinal0 [0x008B0F3F+724799]
GetHandleVerifier [0x00CAEED2+2769538]
GetHandleVerifier [0x00CA0D95+2711877]
GetHandleVerifier [0x00A8A03A+521194]
GetHandleVerifier [0x00A88DA0+516432]
Ordinal0 [0x0099682C+1665068]
Ordinal0 [0x0099B128+1683752]
Ordinal0 [0x0099B215+1683989]
Ordinal0 [0x009A6484+1729668]
BaseThreadInitThunk [0x76726739+25]
RtlGetFullPathName_UEx [0x77B48FD2+1218]
RtlGetFullPathName_UEx [0x77B48F9D+1165]

Command duration or timeout: 141 milliseconds
at java.base/jdk.internal.reflect.NativeConstructorAccessorImpl.newInstance0(Native Method)
at java.base/jdk.internal.reflect.NativeConstructorAccessorImpl.newInstance(NativeConstructorAccessorImpl.java:77)
at java.base/jdk.internal.reflect.DelegatingConstructorAccessorImpl.newInstance(DelegatingConstructorAccessorImpl.java:45)
at java.base/java.lang.reflect.Constructor.newInstanceWithCaller(Constructor.java:499)
at java.base/java.lang.reflect.Constructor.newInstance(Constructor.java:480)
at org.openqa.selenium.remote.ErrorHandler.createThrowable(ErrorHandler.java:214)
at org.openqa.selenium.remote.ErrorHandler.throwIfResponseFailed(ErrorHandler.java:166)
at org.openqa.selenium.remote.JsonWireProtocolResponse.lambda$errorHandler$0(JsonWireProtocolResponse.java:54)
at org.openqa.selenium.remote.HandshakeResponse.lambda$getResponseFunction$0(HandshakeResponse.java:30)
at org.openqa.selenium.remote.ProtocolHandshake.lambda$createSession$0(ProtocolHandshake.java:126)
at java.base/java.util.stream.ReferencePipeline$3$1.accept(ReferencePipeline.java:197)
at java.base/java.util.Spliterators$ArraySpliterator.tryAdvance(Spliterators.java:1002)
at java.base/java.util.stream.ReferencePipeline.forEachWithCancel(ReferencePipeline.java:129)
at java.base/java.util.stream.AbstractPipeline.copyIntoWithCancel(AbstractPipeline.java:527)
at java.base/java.util.stream.AbstractPipeline.copyInto(AbstractPipeline.java:513)
at java.base/java.util.stream.AbstractPipeline.wrapAndCopyInto(AbstractPipeline.java:499)
at java.base/java.util.stream.FindOps$FindOp.evaluateSequential(FindOps.java:150)
at java.base/java.util.stream.AbstractPipeline.evaluate(AbstractPipeline.java:234)
at java.base/java.util.stream.ReferencePipeline.findFirst(ReferencePipeline.java:647)
at org.openqa.selenium.remote.ProtocolHandshake.createSession(ProtocolHandshake.java:128)
at org.openqa.selenium.remote.ProtocolHandshake.createSession(ProtocolHandshake.java:74)
at org.openqa.selenium.remote.HttpCommandExecutor.execute(HttpCommandExecutor.java:136)
at org.openqa.selenium.remote.RemoteWebDriver.execute(RemoteWebDriver.java:552)
at org.openqa.selenium.remote.RemoteWebDriver.startSession(RemoteWebDriver.java:213)
at org.openqa.selenium.remote.RemoteWebDriver.<init>(RemoteWebDriver.java:131)
at org.openqa.selenium.remote.RemoteWebDriver.<init>(RemoteWebDriver.java:144)
at grid.loginTestOnWindowsusingChrome.setup(loginTestOnWindowsusingChrome.java:32)
at java.base/jdk.internal.reflect.NativeMethodAccessorImpl.invoke0(Native Method)
at java.base/jdk.internal.reflect.NativeMethodAccessorImpl.invoke(NativeMethodAccessorImpl.java:77)
at java.base/jdk.internal.reflect.DelegatingMethodAccessorImpl.invoke(DelegatingMethodAccessorImpl.java:43)
at java.base/java.lang.reflect.Method.invoke(Method.java:568)
at org.testng.internal.MethodInvocationHelper.invokeMethod(MethodInvocationHelper.java:133)
at org.testng.internal.TestInvoker.invokeMethod(TestInvoker.java:598)
at org.testng.internal.TestInvoker.invokeTestMethod(TestInvoker.java:173)
at org.testng.internal.MethodRunner.runInSequence(MethodRunner.java:46)
at org.testng.internal.TestInvoker$MethodInvocationAgent.invoke(TestInvoker.java:824)
at org.testng.internal.TestInvoker.invokeTestMethods(TestInvoker.java:146)
at org.testng.internal.TestMethodWorker.invokeTestMethods(TestMethodWorker.java:146)
at org.testng.internal.TestMethodWorker.run(TestMethodWorker.java:128)
at java.base/java.util.ArrayList.forEach(ArrayList.java:1511)
at org.testng.TestRunner.privateRun(TestRunner.java:794)
at org.testng.TestRunner.run(TestRunner.java:596)
at org.testng.SuiteRunner.runTest(SuiteRunner.java:377)
at org.testng.SuiteRunner.runSequentially(SuiteRunner.java:371)
at org.testng.SuiteRunner.privateRun(SuiteRunner.java:332)
at org.testng.SuiteRunner.run(SuiteRunner.java:276)
at org.testng.SuiteRunnerWorker.runSuite(SuiteRunnerWorker.java:53)
at org.testng.SuiteRunnerWorker.run(SuiteRunnerWorker.java:96)
at org.testng.TestNG.runSuitesSequentially(TestNG.java:1212)
at org.testng.TestNG.runSuitesLocally(TestNG.java:1134)
at org.testng.TestNG.runSuites(TestNG.java:1063)
at org.testng.TestNG.run(TestNG.java:1031)
at org.testng.remote.AbstractRemoteTestNG.run(AbstractRemoteTestNG.java:115)
at org.testng.remote.RemoteTestNG.initAndRun(RemoteTestNG.java:251)
at org.testng.remote.RemoteTestNG.main(RemoteTestNG.java:77)
Caused by: org.openqa.selenium.SessionNotCreatedException: session not created: No matching capabilities found
Build info: version: '3.141.59', revision: 'e82be7d358', time: '2018-11-14T08:25:53'
System info: host: 'LAPTOP-LV0FJM8T', ip: '192.168.1.2', os.name: 'Windows 11', os.arch: 'amd64', os.version: '10.0', java.version: '17.0.5'
Driver info: driver.version: unknown
remote stacktrace: Backtrace:
Ordinal0 [0x009FACD3+2075859]
Ordinal0 [0x0098EE61+1633889]
Ordinal0 [0x0088B7BD+571325]
Ordinal0 [0x008DCEDD+904925]
Ordinal0 [0x008DC61C+902684]
Ordinal0 [0x008DD86E+907374]
Ordinal0 [0x008DD6AA+906922]
Ordinal0 [0x008D7136+880950]
Ordinal0 [0x008AFEFD+720637]
Ordinal0 [0x008B0F3F+724799]
GetHandleVerifier [0x00CAEED2+2769538]
GetHandleVerifier [0x00CA0D95+2711877]
GetHandleVerifier [0x00A8A03A+521194]
GetHandleVerifier [0x00A88DA0+516432]
Ordinal0 [0x0099682C+1665068]
Ordinal0 [0x0099B128+1683752]
Ordinal0 [0x0099B215+1683989]
Ordinal0 [0x009A6484+1729668]
BaseThreadInitThunk [0x76726739+25]
RtlGetFullPathName_UEx [0x77B48FD2+1218]
RtlGetFullPathName_UEx [0x77B48F9D+1165]

Build info: version: '3.141.59', revision: 'e82be7d358', time: '2018-11-14T08:25:53'
System info: host: 'LAPTOP-LV0FJM8T', ip: '192.168.1.2', os.name: 'Windows 11', os.arch: 'amd64', os.version: '10.0', java.version: '17.0.3'
Driver info: driver.version: unknown
at jdk.internal.reflect.NativeConstructorAccessorImpl.newInstance0(Native Method)
at jdk.internal.reflect.NativeConstructorAccessorImpl.newInstance(NativeConstructorAccessorImpl.java:77)
at jdk.internal.reflect.DelegatingConstructorAccessorImpl.newInstance(DelegatingConstructorAccessorImpl.java:45)
at java.lang.reflect.Constructor.newInstanceWithCaller(Constructor.java:499)
at java.lang.reflect.Constructor.newInstance(Constructor.java:480)
at org.openqa.selenium.remote.W3CHandshakeResponse.lambda$errorHandler$0(W3CHandshakeResponse.java:62)
at org.openqa.selenium.remote.HandshakeResponse.lambda$getResponseFunction$0(HandshakeResponse.java:30)
at org.openqa.selenium.remote.ProtocolHandshake.lambda$createSession$0(ProtocolHandshake.java:126)
at java.util.stream.ReferencePipeline$3$1.accept(ReferencePipeline.java:197)
at java.util.Spliterators$ArraySpliterator.tryAdvance(Spliterators.java:1002)
at java.util.stream.ReferencePipeline.forEachWithCancel(ReferencePipeline.java:129)
at java.util.stream.AbstractPipeline.copyIntoWithCancel(AbstractPipeline.java:527)
at java.util.stream.AbstractPipeline.copyInto(AbstractPipeline.java:513)
at java.util.stream.AbstractPipeline.wrapAndCopyInto(AbstractPipeline.java:499)
at java.util.stream.FindOps$FindOp.evaluateSequential(FindOps.java:150)
at java.util.stream.AbstractPipeline.evaluate(AbstractPipeline.java:234)
at java.util.stream.ReferencePipeline.findFirst(ReferencePipeline.java:647)
at org.openqa.selenium.remote.ProtocolHandshake.createSession(ProtocolHandshake.java:128)
at org.openqa.selenium.remote.ProtocolHandshake.createSession(ProtocolHandshake.java:74)
at org.openqa.selenium.grid.session.remote.RemoteSession$Factory.performHandshake(RemoteSession.java:147)
at org.openqa.selenium.grid.session.remote.ServicedSession$Factory.apply(ServicedSession.java:161)
at org.openqa.selenium.remote.server.ActiveSessionFactory.lambda$apply$12(ActiveSessionFactory.java:180)
at java.util.stream.ReferencePipeline$3$1.accept(ReferencePipeline.java:197)
at java.util.stream.ReferencePipeline$15$1.accept(ReferencePipeline.java:541)
at java.util.stream.ReferencePipeline$2$1.accept(ReferencePipeline.java:179)
at java.util.Spliterators$ArraySpliterator.tryAdvance(Spliterators.java:1002)
at java.util.stream.ReferencePipeline.forEachWithCancel(ReferencePipeline.java:129)
at java.util.stream.AbstractPipeline.copyIntoWithCancel(AbstractPipeline.java:527)
at java.util.stream.AbstractPipeline.copyInto(AbstractPipeline.java:513)
at java.util.stream.AbstractPipeline.wrapAndCopyInto(AbstractPipeline.java:499)
at java.util.stream.FindOps$FindOp.evaluateSequential(FindOps.java:150)
at java.util.stream.AbstractPipeline.evaluate(AbstractPipeline.java:234)
at java.util.stream.ReferencePipeline.findFirst(ReferencePipeline.java:647)
at org.openqa.selenium.remote.server.ActiveSessionFactory.apply(ActiveSessionFactory.java:183)
at org.openqa.selenium.remote.server.NewSessionPipeline.lambda$null$2(NewSessionPipeline.java:66)
at java.util.stream.ReferencePipeline$3$1.accept(ReferencePipeline.java:197)
at java.util.stream.ReferencePipeline$2$1.accept(ReferencePipeline.java:179)
at java.util.Collections$2.tryAdvance(Collections.java:4853)
at java.util.stream.ReferencePipeline.forEachWithCancel(ReferencePipeline.java:129)
at java.util.stream.AbstractPipeline.copyIntoWithCancel(AbstractPipeline.java:527)
at java.util.stream.AbstractPipeline.copyInto(AbstractPipeline.java:513)
at java.util.stream.AbstractPipeline.wrapAndCopyInto(AbstractPipeline.java:499)
at java.util.stream.FindOps$FindOp.evaluateSequential(FindOps.java:150)
at java.util.stream.AbstractPipeline.evaluate(AbstractPipeline.java:234)
at java.util.stream.ReferencePipeline.findFirst(ReferencePipeline.java:647)
at org.openqa.selenium.remote.server.NewSessionPipeline.lambda$createNewSession$3(NewSessionPipeline.java:69)
at java.util.stream.ReferencePipeline$3$1.accept(ReferencePipeline.java:197)
at java.util.stream.ReferencePipeline$3$1.accept(ReferencePipeline.java:197)
at java.util.stream.ReferencePipeline$3$1.accept(ReferencePipeline.java:197)
at java.util.stream.DistinctOps$1$2.accept(DistinctOps.java:174)
at java.util.stream.ReferencePipeline$2$1.accept(ReferencePipeline.java:179)
at java.util.stream.ReferencePipeline$3$1.accept(ReferencePipeline.java:197)
at java.util.stream.ReferencePipeline$2$1.accept(ReferencePipeline.java:179)
at java.util.stream.Streams$StreamBuilderImpl.tryAdvance(Streams.java:397)
at java.util.stream.Streams$ConcatSpliterator.tryAdvance(Streams.java:720)
at java.util.stream.ReferencePipeline.forEachWithCancel(ReferencePipeline.java:129)
at java.util.stream.AbstractPipeline.copyIntoWithCancel(AbstractPipeline.java:527)
at java.util.stream.AbstractPipeline.copyInto(AbstractPipeline.java:513)
at java.util.stream.AbstractPipeline.wrapAndCopyInto(AbstractPipeline.java:499)
at java.util.stream.FindOps$FindOp.evaluateSequential(FindOps.java:150)
at java.util.stream.AbstractPipeline.evaluate(AbstractPipeline.java:234)
at java.util.stream.ReferencePipeline.findFirst(ReferencePipeline.java:647)
at org.openqa.selenium.remote.server.NewSessionPipeline.createNewSession(NewSessionPipeline.java:72)
at org.openqa.selenium.remote.server.commandhandler.BeginSession.execute(BeginSession.java:65)
at org.openqa.selenium.remote.server.WebDriverServlet.lambda$handle$0(WebDriverServlet.java:235)
at java.util.concurrent.Executors$RunnableAdapter.call(Executors.java:539)
at java.util.concurrent.FutureTask.run(FutureTask.java:264)
at java.util.concurrent.ThreadPoolExecutor.runWorker(ThreadPoolExecutor.java:1136)
at java.util.concurrent.ThreadPoolExecutor$Worker.run(ThreadPoolExecutor.java:635)
at java.lang.Thread.run(Thread.java:833)
]]>
    </error>
  </testcase> <!-- setup -->
  <system-out/>
  <testcase classname="grid.loginTestOnWindowsusingChrome" name="login" time="0.007">
    <error message="Cannot invoke &quot;org.openqa.selenium.WebDriver.get(String)&quot; because &quot;grid.loginTestOnWindowsusingChrome.driver&quot; is null" type="java.lang.NullPointerException">
      <![CDATA[java.lang.NullPointerException: Cannot invoke "org.openqa.selenium.WebDriver.get(String)" because "grid.loginTestOnWindowsusingChrome.driver" is null
at grid.loginTestOnWindowsusingChrome.login(loginTestOnWindowsusingChrome.java:39)
at java.base/jdk.internal.reflect.NativeMethodAccessorImpl.invoke0(Native Method)
at java.base/jdk.internal.reflect.NativeMethodAccessorImpl.invoke(NativeMethodAccessorImpl.java:77)
at java.base/jdk.internal.reflect.DelegatingMethodAccessorImpl.invoke(DelegatingMethodAccessorImpl.java:43)
at java.base/java.lang.reflect.Method.invoke(Method.java:568)
at org.testng.internal.MethodInvocationHelper.invokeMethod(MethodInvocationHelper.java:133)
at org.testng.internal.TestInvoker.invokeMethod(TestInvoker.java:598)
at org.testng.internal.TestInvoker.invokeTestMethod(TestInvoker.java:173)
at org.testng.internal.MethodRunner.runInSequence(MethodRunner.java:46)
at org.testng.internal.TestInvoker$MethodInvocationAgent.invoke(TestInvoker.java:824)
at org.testng.internal.TestInvoker.invokeTestMethods(TestInvoker.java:146)
at org.testng.internal.TestMethodWorker.invokeTestMethods(TestMethodWorker.java:146)
at org.testng.internal.TestMethodWorker.run(TestMethodWorker.java:128)
at java.base/java.util.ArrayList.forEach(ArrayList.java:1511)
at org.testng.TestRunner.privateRun(TestRunner.java:794)
at org.testng.TestRunner.run(TestRunner.java:596)
at org.testng.SuiteRunner.runTest(SuiteRunner.java:377)
at org.testng.SuiteRunner.runSequentially(SuiteRunner.java:371)
at org.testng.SuiteRunner.privateRun(SuiteRunner.java:332)
at org.testng.SuiteRunner.run(SuiteRunner.java:276)
at org.testng.SuiteRunnerWorker.runSuite(SuiteRunnerWorker.java:53)
at org.testng.SuiteRunnerWorker.run(SuiteRunnerWorker.java:96)
at org.testng.TestNG.runSuitesSequentially(TestNG.java:1212)
at org.testng.TestNG.runSuitesLocally(TestNG.java:1134)
at org.testng.TestNG.runSuites(TestNG.java:1063)
at org.testng.TestNG.run(TestNG.java:1031)
at org.testng.remote.AbstractRemoteTestNG.run(AbstractRemoteTestNG.java:115)
at org.testng.remote.RemoteTestNG.initAndRun(RemoteTestNG.java:251)
at org.testng.remote.RemoteTestNG.main(RemoteTestNG.java:77)
]]>
    </error>
  </testcase> <!-- login -->
  <system-out/>
</testsuite> <!-- grid.loginTestOnWindowsusingChrome -->
